<?xml version="1.0" encoding="UTF-8"?>
<testsuite name="najoah.AppTest" tests="3" skipped="0" failures="0" errors="0" timestamp="2023-05-03T22:14:50" hostname="Joes-MBP.lan" time="0.012">
  <properties/>
  <testcase name="testSwitchPokemon" classname="najoah.AppTest" time="0.008"/>
  <testcase name="testAddPokemon" classname="najoah.AppTest" time="0.002"/>
  <testcase name="testGetWinLoss" classname="najoah.AppTest" time="0.001"/>
  <system-out><![CDATA[User1
]]></system-out>
  <system-err><![CDATA[]]></system-err>
</testsuite>
